<?xml version="1.0" encoding="UTF-8"?>
<testsuite name="gradle.build.LibraryTest" tests="1" skipped="0" failures="0" errors="0" timestamp="2019-02-11T16:26:28" hostname="MACPCUS82325" time="0.001">
  <properties/>
  <testcase name="testSomeLibraryMethod" classname="gradle.build.LibraryTest" time="0.001"/>
  <system-out><![CDATA[]]></system-out>
  <system-err><![CDATA[]]></system-err>
</testsuite>
